0 info it worked if it ends with ok
1 verbose cli [ 'C:\\Program Files\\nodejs\\node.exe',
1 verbose cli   'C:\\Program Files\\nodejs\\node_modules\\npm\\bin\\npm-cli.js',
1 verbose cli   'start' ]
2 info using npm@3.10.10
3 info using node@v6.10.2
4 verbose run-script [ 'prestart', 'start', 'poststart' ]
5 info lifecycle ibexexpress@0.0.0~prestart: ibexexpress@0.0.0
6 silly lifecycle ibexexpress@0.0.0~prestart: no script for prestart, continuing
7 info lifecycle ibexexpress@0.0.0~start: ibexexpress@0.0.0
8 verbose lifecycle ibexexpress@0.0.0~start: unsafe-perm in lifecycle true
9 verbose lifecycle ibexexpress@0.0.0~start: PATH: C:\Program Files\nodejs\node_modules\npm\bin\node-gyp-bin;C:\Users\petro\OneDrive\work\code\ibexnode\ibexexpress\node_modules\.bin;C:\Program Files\Microsoft MPI\Bin\;C:\Program Files (x86)\Intel\iCLS Client\;C:\Program Files\Intel\iCLS Client\;C:\Windows\system32;C:\Windows;C:\Windows\System32\Wbem;C:\Windows\System32\WindowsPowerShell\v1.0\;C:\Program Files\nodejs\;C:\Windows\system32\config\systemprofile\AppData\Roaming\Python\Python36\Scripts;C:\Program Files\Microsoft SQL Server\130\Tools\Binn\;C:\Program Files\dotnet\;C:\Program Files\Anaconda3;C:\Program Files\Anaconda3\Scripts;C:\Program Files\Anaconda3\Library\bin;C:\Program Files\Git\cmd;C:\Users\petro\AppData\Local\Programs\Python\Python36-32\Scripts\;C:\Users\petro\AppData\Local\Programs\Python\Python36-32\;C:\Users\petro\AppData\Local\Microsoft\WindowsApps;C:\Users\petro\AppData\Roaming\npm;C:\Program Files (x86)\Microsoft VS Code\bin
10 verbose lifecycle ibexexpress@0.0.0~start: CWD: C:\Users\petro\OneDrive\work\code\ibexnode\ibexexpress
11 silly lifecycle ibexexpress@0.0.0~start: Args: [ '/d /s /c', 'node ./bin/www' ]
12 silly lifecycle ibexexpress@0.0.0~start: Returned: code: 7  signal: null
13 info lifecycle ibexexpress@0.0.0~start: Failed to exec start script
14 verbose stack Error: ibexexpress@0.0.0 start: `node ./bin/www`
14 verbose stack Exit status 7
14 verbose stack     at EventEmitter.<anonymous> (C:\Program Files\nodejs\node_modules\npm\lib\utils\lifecycle.js:255:16)
14 verbose stack     at emitTwo (events.js:106:13)
14 verbose stack     at EventEmitter.emit (events.js:191:7)
14 verbose stack     at ChildProcess.<anonymous> (C:\Program Files\nodejs\node_modules\npm\lib\utils\spawn.js:40:14)
14 verbose stack     at emitTwo (events.js:106:13)
14 verbose stack     at ChildProcess.emit (events.js:191:7)
14 verbose stack     at maybeClose (internal/child_process.js:886:16)
14 verbose stack     at Process.ChildProcess._handle.onexit (internal/child_process.js:226:5)
15 verbose pkgid ibexexpress@0.0.0
16 verbose cwd C:\Users\petro\OneDrive\work\code\ibexnode\ibexexpress
17 error Windows_NT 10.0.14393
18 error argv "C:\\Program Files\\nodejs\\node.exe" "C:\\Program Files\\nodejs\\node_modules\\npm\\bin\\npm-cli.js" "start"
19 error node v6.10.2
20 error npm  v3.10.10
21 error code ELIFECYCLE
22 error ibexexpress@0.0.0 start: `node ./bin/www`
22 error Exit status 7
23 error Failed at the ibexexpress@0.0.0 start script 'node ./bin/www'.
23 error Make sure you have the latest version of node.js and npm installed.
23 error If you do, this is most likely a problem with the ibexexpress package,
23 error not with npm itself.
23 error Tell the author that this fails on your system:
23 error     node ./bin/www
23 error You can get information on how to open an issue for this project with:
23 error     npm bugs ibexexpress
23 error Or if that isn't available, you can get their info via:
23 error     npm owner ls ibexexpress
23 error There is likely additional logging output above.
24 verbose exit [ 1, true ]
